<?xml version="1.0" encoding="UTF-8"?>

<beans xmlns="http://www.springframework.org/schema/beans"
       xmlns:xsi="http://www.w3.org/2001/XMLSchema-instance"
       xmlns:context="http://www.springframework.org/schema/context"
       xsi:schemaLocation="http://www.springframework.org/schema/beans
           http://www.springframework.org/schema/beans/spring-beans-3.0.xsd
           http://www.springframework.org/schema/context
           http://www.springframework.org/schema/context/spring-context-3.0.xsd">

    <context:annotation-config/>
    <context:component-scan
            base-package="com.pgy.mybatis.typehandler
            com.pgy.mapper, com.pgy.mybatis"/>

    <bean name="config" class="com.pgy.config.DbConfig">
        <property name="dbUrl"
                  value="#{systemProperties['database.bizUrl'] ?: 'jdbc:mysql://localhost/pgy?useUnicode=true&amp;characterEncoding=UTF8&amp;autoReconnect=true'}"/>
        <property name="dbUser"
                  value="#{systemProperties['database.user'] ?: 'tester'}"/>
        <property name="dbPassword"
                  value="#{systemProperties['database.password'] ?: '123456'}"/>
    </bean>
</beans>
